Grammaire

    0 $accept: input $end

    1 input: expression

    2 expression: TK_VAR
    3           | TK_LPAREN expression TK_RPAREN
    4           | TK_NEGATION expression
    5           | expression TK_CONJONCTION expression
    6           | expression TK_DISJONCTION expression
    7           | expression TK_XOR expression
    8           | expression TK_IMPLIQUE expression
    9           | expression TK_EQUIVALENT expression


Terminaux, suivis des règles où ils apparaissent

$end (0) 0
error (256)
TK_CONJONCTION (258) 5
TK_DISJONCTION (259) 6
TK_NEGATION (260) 4
TK_XOR (261) 7
TK_EQUIVALENT (262) 9
TK_IMPLIQUE (263) 8
TK_LPAREN (264) 3
TK_RPAREN (265) 3
TK_VAR (266) 2


Non-terminaux, suivis des règles où ils apparaissent

$accept (12)
    à gauche: 0
input (13)
    à gauche: 1, à droite: 0
expression (14)
    à gauche: 2 3 4 5 6 7 8 9, à droite: 1 3 4 5 6 7 8 9


État 0

    0 $accept: . input $end
    1 input: . expression
    2 expression: . TK_VAR
    3           | . TK_LPAREN expression TK_RPAREN
    4           | . TK_NEGATION expression
    5           | . expression TK_CONJONCTION expression
    6           | . expression TK_DISJONCTION expression
    7           | . expression TK_XOR expression
    8           | . expression TK_IMPLIQUE expression
    9           | . expression TK_EQUIVALENT expression

    TK_NEGATION  décalage et aller à l'état 1
    TK_LPAREN    décalage et aller à l'état 2
    TK_VAR       décalage et aller à l'état 3

    input       aller à l'état 4
    expression  aller à l'état 5


État 1

    2 expression: . TK_VAR
    3           | . TK_LPAREN expression TK_RPAREN
    4           | . TK_NEGATION expression
    4           | TK_NEGATION . expression
    5           | . expression TK_CONJONCTION expression
    6           | . expression TK_DISJONCTION expression
    7           | . expression TK_XOR expression
    8           | . expression TK_IMPLIQUE expression
    9           | . expression TK_EQUIVALENT expression

    TK_NEGATION  décalage et aller à l'état 1
    TK_LPAREN    décalage et aller à l'état 2
    TK_VAR       décalage et aller à l'état 3

    expression  aller à l'état 6


État 2

    2 expression: . TK_VAR
    3           | . TK_LPAREN expression TK_RPAREN
    3           | TK_LPAREN . expression TK_RPAREN
    4           | . TK_NEGATION expression
    5           | . expression TK_CONJONCTION expression
    6           | . expression TK_DISJONCTION expression
    7           | . expression TK_XOR expression
    8           | . expression TK_IMPLIQUE expression
    9           | . expression TK_EQUIVALENT expression

    TK_NEGATION  décalage et aller à l'état 1
    TK_LPAREN    décalage et aller à l'état 2
    TK_VAR       décalage et aller à l'état 3

    expression  aller à l'état 7


État 3

    2 expression: TK_VAR .

    $défaut  réduction par utilisation de la règle 2 (expression)


État 4

    0 $accept: input . $end

    $end  décalage et aller à l'état 8


État 5

    1 input: expression .  [$end]
    5 expression: expression . TK_CONJONCTION expression
    6           | expression . TK_DISJONCTION expression
    7           | expression . TK_XOR expression
    8           | expression . TK_IMPLIQUE expression
    9           | expression . TK_EQUIVALENT expression

    TK_CONJONCTION  décalage et aller à l'état 9
    TK_DISJONCTION  décalage et aller à l'état 10
    TK_XOR          décalage et aller à l'état 11
    TK_EQUIVALENT   décalage et aller à l'état 12
    TK_IMPLIQUE     décalage et aller à l'état 13

    $défaut  réduction par utilisation de la règle 1 (input)


État 6

    4 expression: TK_NEGATION expression .  [$end, TK_CONJONCTION, TK_DISJONCTION, TK_RPAREN]
    5           | expression . TK_CONJONCTION expression
    6           | expression . TK_DISJONCTION expression
    7           | expression . TK_XOR expression
    8           | expression . TK_IMPLIQUE expression
    9           | expression . TK_EQUIVALENT expression

    TK_XOR         décalage et aller à l'état 11
    TK_EQUIVALENT  décalage et aller à l'état 12
    TK_IMPLIQUE    décalage et aller à l'état 13

    $défaut  réduction par utilisation de la règle 4 (expression)

    Conflit entre la règle 4 et le jeton TK_CONJONCTION résolu par réduction (TK_CONJONCTION < TK_NEGATION).
    Conflit entre la règle 4 et le jeton TK_DISJONCTION résolu par réduction (TK_DISJONCTION < TK_NEGATION).
    Conflit entre la règle 4 et le jeton TK_XOR résolu par décalage (TK_NEGATION < TK_XOR).
    Conflit entre la règle 4 et le jeton TK_EQUIVALENT résolu par décalage (TK_NEGATION < TK_EQUIVALENT).
    Conflit entre la règle 4 et le jeton TK_IMPLIQUE résolu par décalage (TK_NEGATION < TK_IMPLIQUE).


État 7

    3 expression: TK_LPAREN expression . TK_RPAREN
    5           | expression . TK_CONJONCTION expression
    6           | expression . TK_DISJONCTION expression
    7           | expression . TK_XOR expression
    8           | expression . TK_IMPLIQUE expression
    9           | expression . TK_EQUIVALENT expression

    TK_CONJONCTION  décalage et aller à l'état 9
    TK_DISJONCTION  décalage et aller à l'état 10
    TK_XOR          décalage et aller à l'état 11
    TK_EQUIVALENT   décalage et aller à l'état 12
    TK_IMPLIQUE     décalage et aller à l'état 13
    TK_RPAREN       décalage et aller à l'état 14


État 8

    0 $accept: input $end .

    $défaut  accepter


État 9

    2 expression: . TK_VAR
    3           | . TK_LPAREN expression TK_RPAREN
    4           | . TK_NEGATION expression
    5           | . expression TK_CONJONCTION expression
    5           | expression TK_CONJONCTION . expression
    6           | . expression TK_DISJONCTION expression
    7           | . expression TK_XOR expression
    8           | . expression TK_IMPLIQUE expression
    9           | . expression TK_EQUIVALENT expression

    TK_NEGATION  décalage et aller à l'état 1
    TK_LPAREN    décalage et aller à l'état 2
    TK_VAR       décalage et aller à l'état 3

    expression  aller à l'état 15


État 10

    2 expression: . TK_VAR
    3           | . TK_LPAREN expression TK_RPAREN
    4           | . TK_NEGATION expression
    5           | . expression TK_CONJONCTION expression
    6           | . expression TK_DISJONCTION expression
    6           | expression TK_DISJONCTION . expression
    7           | . expression TK_XOR expression
    8           | . expression TK_IMPLIQUE expression
    9           | . expression TK_EQUIVALENT expression

    TK_NEGATION  décalage et aller à l'état 1
    TK_LPAREN    décalage et aller à l'état 2
    TK_VAR       décalage et aller à l'état 3

    expression  aller à l'état 16


État 11

    2 expression: . TK_VAR
    3           | . TK_LPAREN expression TK_RPAREN
    4           | . TK_NEGATION expression
    5           | . expression TK_CONJONCTION expression
    6           | . expression TK_DISJONCTION expression
    7           | . expression TK_XOR expression
    7           | expression TK_XOR . expression
    8           | . expression TK_IMPLIQUE expression
    9           | . expression TK_EQUIVALENT expression

    TK_NEGATION  décalage et aller à l'état 1
    TK_LPAREN    décalage et aller à l'état 2
    TK_VAR       décalage et aller à l'état 3

    expression  aller à l'état 17


État 12

    2 expression: . TK_VAR
    3           | . TK_LPAREN expression TK_RPAREN
    4           | . TK_NEGATION expression
    5           | . expression TK_CONJONCTION expression
    6           | . expression TK_DISJONCTION expression
    7           | . expression TK_XOR expression
    8           | . expression TK_IMPLIQUE expression
    9           | . expression TK_EQUIVALENT expression
    9           | expression TK_EQUIVALENT . expression

    TK_NEGATION  décalage et aller à l'état 1
    TK_LPAREN    décalage et aller à l'état 2
    TK_VAR       décalage et aller à l'état 3

    expression  aller à l'état 18


État 13

    2 expression: . TK_VAR
    3           | . TK_LPAREN expression TK_RPAREN
    4           | . TK_NEGATION expression
    5           | . expression TK_CONJONCTION expression
    6           | . expression TK_DISJONCTION expression
    7           | . expression TK_XOR expression
    8           | . expression TK_IMPLIQUE expression
    8           | expression TK_IMPLIQUE . expression
    9           | . expression TK_EQUIVALENT expression

    TK_NEGATION  décalage et aller à l'état 1
    TK_LPAREN    décalage et aller à l'état 2
    TK_VAR       décalage et aller à l'état 3

    expression  aller à l'état 19


État 14

    3 expression: TK_LPAREN expression TK_RPAREN .

    $défaut  réduction par utilisation de la règle 3 (expression)


État 15

    5 expression: expression . TK_CONJONCTION expression
    5           | expression TK_CONJONCTION expression .  [$end, TK_CONJONCTION, TK_RPAREN]
    6           | expression . TK_DISJONCTION expression
    7           | expression . TK_XOR expression
    8           | expression . TK_IMPLIQUE expression
    9           | expression . TK_EQUIVALENT expression

    TK_DISJONCTION  décalage et aller à l'état 10
    TK_XOR          décalage et aller à l'état 11
    TK_EQUIVALENT   décalage et aller à l'état 12
    TK_IMPLIQUE     décalage et aller à l'état 13

    $défaut  réduction par utilisation de la règle 5 (expression)

    Conflit entre la règle 5 et le jeton TK_CONJONCTION résolu par réduction (%left TK_CONJONCTION).
    Conflit entre la règle 5 et le jeton TK_DISJONCTION résolu par décalage (TK_CONJONCTION < TK_DISJONCTION).
    Conflit entre la règle 5 et le jeton TK_XOR résolu par décalage (TK_CONJONCTION < TK_XOR).
    Conflit entre la règle 5 et le jeton TK_EQUIVALENT résolu par décalage (TK_CONJONCTION < TK_EQUIVALENT).
    Conflit entre la règle 5 et le jeton TK_IMPLIQUE résolu par décalage (TK_CONJONCTION < TK_IMPLIQUE).


État 16

    5 expression: expression . TK_CONJONCTION expression
    6           | expression . TK_DISJONCTION expression
    6           | expression TK_DISJONCTION expression .  [$end, TK_CONJONCTION, TK_DISJONCTION, TK_RPAREN]
    7           | expression . TK_XOR expression
    8           | expression . TK_IMPLIQUE expression
    9           | expression . TK_EQUIVALENT expression

    TK_XOR         décalage et aller à l'état 11
    TK_EQUIVALENT  décalage et aller à l'état 12
    TK_IMPLIQUE    décalage et aller à l'état 13

    $défaut  réduction par utilisation de la règle 6 (expression)

    Conflit entre la règle 6 et le jeton TK_CONJONCTION résolu par réduction (TK_CONJONCTION < TK_DISJONCTION).
    Conflit entre la règle 6 et le jeton TK_DISJONCTION résolu par réduction (%left TK_DISJONCTION).
    Conflit entre la règle 6 et le jeton TK_XOR résolu par décalage (TK_DISJONCTION < TK_XOR).
    Conflit entre la règle 6 et le jeton TK_EQUIVALENT résolu par décalage (TK_DISJONCTION < TK_EQUIVALENT).
    Conflit entre la règle 6 et le jeton TK_IMPLIQUE résolu par décalage (TK_DISJONCTION < TK_IMPLIQUE).


État 17

    5 expression: expression . TK_CONJONCTION expression
    6           | expression . TK_DISJONCTION expression
    7           | expression . TK_XOR expression
    7           | expression TK_XOR expression .  [$end, TK_CONJONCTION, TK_DISJONCTION, TK_XOR, TK_RPAREN]
    8           | expression . TK_IMPLIQUE expression
    9           | expression . TK_EQUIVALENT expression

    TK_EQUIVALENT  décalage et aller à l'état 12
    TK_IMPLIQUE    décalage et aller à l'état 13

    $défaut  réduction par utilisation de la règle 7 (expression)

    Conflit entre la règle 7 et le jeton TK_CONJONCTION résolu par réduction (TK_CONJONCTION < TK_XOR).
    Conflit entre la règle 7 et le jeton TK_DISJONCTION résolu par réduction (TK_DISJONCTION < TK_XOR).
    Conflit entre la règle 7 et le jeton TK_XOR résolu par réduction (%left TK_XOR).
    Conflit entre la règle 7 et le jeton TK_EQUIVALENT résolu par décalage (TK_XOR < TK_EQUIVALENT).
    Conflit entre la règle 7 et le jeton TK_IMPLIQUE résolu par décalage (TK_XOR < TK_IMPLIQUE).


État 18

    5 expression: expression . TK_CONJONCTION expression
    6           | expression . TK_DISJONCTION expression
    7           | expression . TK_XOR expression
    8           | expression . TK_IMPLIQUE expression
    9           | expression . TK_EQUIVALENT expression
    9           | expression TK_EQUIVALENT expression .  [$end, TK_CONJONCTION, TK_DISJONCTION, TK_XOR, TK_EQUIVALENT, TK_IMPLIQUE, TK_RPAREN]

    $défaut  réduction par utilisation de la règle 9 (expression)

    Conflit entre la règle 9 et le jeton TK_CONJONCTION résolu par réduction (TK_CONJONCTION < TK_EQUIVALENT).
    Conflit entre la règle 9 et le jeton TK_DISJONCTION résolu par réduction (TK_DISJONCTION < TK_EQUIVALENT).
    Conflit entre la règle 9 et le jeton TK_XOR résolu par réduction (TK_XOR < TK_EQUIVALENT).
    Conflit entre la règle 9 et le jeton TK_EQUIVALENT résolu par réduction (%left TK_EQUIVALENT).
    Conflit entre la règle 9 et le jeton TK_IMPLIQUE résolu par réduction (TK_IMPLIQUE < TK_EQUIVALENT).


État 19

    5 expression: expression . TK_CONJONCTION expression
    6           | expression . TK_DISJONCTION expression
    7           | expression . TK_XOR expression
    8           | expression . TK_IMPLIQUE expression
    8           | expression TK_IMPLIQUE expression .  [$end, TK_CONJONCTION, TK_DISJONCTION, TK_XOR, TK_IMPLIQUE, TK_RPAREN]
    9           | expression . TK_EQUIVALENT expression

    TK_EQUIVALENT  décalage et aller à l'état 12

    $défaut  réduction par utilisation de la règle 8 (expression)

    Conflit entre la règle 8 et le jeton TK_CONJONCTION résolu par réduction (TK_CONJONCTION < TK_IMPLIQUE).
    Conflit entre la règle 8 et le jeton TK_DISJONCTION résolu par réduction (TK_DISJONCTION < TK_IMPLIQUE).
    Conflit entre la règle 8 et le jeton TK_XOR résolu par réduction (TK_XOR < TK_IMPLIQUE).
    Conflit entre la règle 8 et le jeton TK_EQUIVALENT résolu par décalage (TK_IMPLIQUE < TK_EQUIVALENT).
    Conflit entre la règle 8 et le jeton TK_IMPLIQUE résolu par réduction (%left TK_IMPLIQUE).
