État 7 conflits: 1 décalage/réduction
État 15 conflits: 1 décalage/réduction
État 16 conflits: 1 décalage/réduction
État 17 conflits: 1 décalage/réduction
État 18 conflits: 1 décalage/réduction
État 19 conflits: 5 décalage/réduction


Grammaire

    0 $accept: input $end

    1 input: expression

    2 expression: TK_BOOL
    3           | TK_LPAREN expression TK_RPAREN
    4           | expression TK_OR expression
    5           | expression TK_AND expression
    6           | TK_NEG expression
    7           | expression TK_XOR expression
    8           | expression TK_IMPL expression
    9           | expression TK_EQ expression


Terminaux, suivis des règles où ils apparaissent

$end (0) 0
error (256)
TK_IMPL (258) 8
TK_EQ (259) 9
TK_AND (260) 5
TK_OR (261) 4
TK_XOR (262) 7
TK_LPAREN (263) 3
TK_RPAREN (264) 3
TK_NEG (265) 6
TK_BOOL (266) 2


Non-terminaux, suivis des règles où ils apparaissent

$accept (12)
    à gauche: 0
input (13)
    à gauche: 1, à droite: 0
expression (14)
    à gauche: 2 3 4 5 6 7 8 9, à droite: 1 3 4 5 6 7 8 9


État 0

    0 $accept: . input $end
    1 input: . expression
    2 expression: . TK_BOOL
    3           | . TK_LPAREN expression TK_RPAREN
    4           | . expression TK_OR expression
    5           | . expression TK_AND expression
    6           | . TK_NEG expression
    7           | . expression TK_XOR expression
    8           | . expression TK_IMPL expression
    9           | . expression TK_EQ expression

    TK_LPAREN  décalage et aller à l'état 1
    TK_NEG     décalage et aller à l'état 2
    TK_BOOL    décalage et aller à l'état 3

    input       aller à l'état 4
    expression  aller à l'état 5


État 1

    2 expression: . TK_BOOL
    3           | . TK_LPAREN expression TK_RPAREN
    3           | TK_LPAREN . expression TK_RPAREN
    4           | . expression TK_OR expression
    5           | . expression TK_AND expression
    6           | . TK_NEG expression
    7           | . expression TK_XOR expression
    8           | . expression TK_IMPL expression
    9           | . expression TK_EQ expression

    TK_LPAREN  décalage et aller à l'état 1
    TK_NEG     décalage et aller à l'état 2
    TK_BOOL    décalage et aller à l'état 3

    expression  aller à l'état 6


État 2

    2 expression: . TK_BOOL
    3           | . TK_LPAREN expression TK_RPAREN
    4           | . expression TK_OR expression
    5           | . expression TK_AND expression
    6           | . TK_NEG expression
    6           | TK_NEG . expression
    7           | . expression TK_XOR expression
    8           | . expression TK_IMPL expression
    9           | . expression TK_EQ expression

    TK_LPAREN  décalage et aller à l'état 1
    TK_NEG     décalage et aller à l'état 2
    TK_BOOL    décalage et aller à l'état 3

    expression  aller à l'état 7


État 3

    2 expression: TK_BOOL .

    $défaut  réduction par utilisation de la règle 2 (expression)


État 4

    0 $accept: input . $end

    $end  décalage et aller à l'état 8


État 5

    1 input: expression .  [$end]
    4 expression: expression . TK_OR expression
    5           | expression . TK_AND expression
    7           | expression . TK_XOR expression
    8           | expression . TK_IMPL expression
    9           | expression . TK_EQ expression

    TK_IMPL  décalage et aller à l'état 9
    TK_EQ    décalage et aller à l'état 10
    TK_AND   décalage et aller à l'état 11
    TK_OR    décalage et aller à l'état 12
    TK_XOR   décalage et aller à l'état 13

    $défaut  réduction par utilisation de la règle 1 (input)


État 6

    3 expression: TK_LPAREN expression . TK_RPAREN
    4           | expression . TK_OR expression
    5           | expression . TK_AND expression
    7           | expression . TK_XOR expression
    8           | expression . TK_IMPL expression
    9           | expression . TK_EQ expression

    TK_IMPL    décalage et aller à l'état 9
    TK_EQ      décalage et aller à l'état 10
    TK_AND     décalage et aller à l'état 11
    TK_OR      décalage et aller à l'état 12
    TK_XOR     décalage et aller à l'état 13
    TK_RPAREN  décalage et aller à l'état 14


État 7

    4 expression: expression . TK_OR expression
    5           | expression . TK_AND expression
    6           | TK_NEG expression .  [$end, TK_IMPL, TK_EQ, TK_AND, TK_OR, TK_XOR, TK_RPAREN]
    7           | expression . TK_XOR expression
    8           | expression . TK_IMPL expression
    9           | expression . TK_EQ expression

    TK_XOR  décalage et aller à l'état 13

    TK_XOR    [réduction par utilisation de la règle 6 (expression)]
    $défaut  réduction par utilisation de la règle 6 (expression)

    Conflit entre la règle 6 et le jeton TK_IMPL résolu par réduction (TK_IMPL < TK_NEG).
    Conflit entre la règle 6 et le jeton TK_EQ résolu par réduction (TK_EQ < TK_NEG).
    Conflit entre la règle 6 et le jeton TK_AND résolu par réduction (TK_AND < TK_NEG).
    Conflit entre la règle 6 et le jeton TK_OR résolu par réduction (TK_OR < TK_NEG).


État 8

    0 $accept: input $end .

    $défaut  accepter


État 9

    2 expression: . TK_BOOL
    3           | . TK_LPAREN expression TK_RPAREN
    4           | . expression TK_OR expression
    5           | . expression TK_AND expression
    6           | . TK_NEG expression
    7           | . expression TK_XOR expression
    8           | . expression TK_IMPL expression
    8           | expression TK_IMPL . expression
    9           | . expression TK_EQ expression

    TK_LPAREN  décalage et aller à l'état 1
    TK_NEG     décalage et aller à l'état 2
    TK_BOOL    décalage et aller à l'état 3

    expression  aller à l'état 15


État 10

    2 expression: . TK_BOOL
    3           | . TK_LPAREN expression TK_RPAREN
    4           | . expression TK_OR expression
    5           | . expression TK_AND expression
    6           | . TK_NEG expression
    7           | . expression TK_XOR expression
    8           | . expression TK_IMPL expression
    9           | . expression TK_EQ expression
    9           | expression TK_EQ . expression

    TK_LPAREN  décalage et aller à l'état 1
    TK_NEG     décalage et aller à l'état 2
    TK_BOOL    décalage et aller à l'état 3

    expression  aller à l'état 16


État 11

    2 expression: . TK_BOOL
    3           | . TK_LPAREN expression TK_RPAREN
    4           | . expression TK_OR expression
    5           | . expression TK_AND expression
    5           | expression TK_AND . expression
    6           | . TK_NEG expression
    7           | . expression TK_XOR expression
    8           | . expression TK_IMPL expression
    9           | . expression TK_EQ expression

    TK_LPAREN  décalage et aller à l'état 1
    TK_NEG     décalage et aller à l'état 2
    TK_BOOL    décalage et aller à l'état 3

    expression  aller à l'état 17


État 12

    2 expression: . TK_BOOL
    3           | . TK_LPAREN expression TK_RPAREN
    4           | . expression TK_OR expression
    4           | expression TK_OR . expression
    5           | . expression TK_AND expression
    6           | . TK_NEG expression
    7           | . expression TK_XOR expression
    8           | . expression TK_IMPL expression
    9           | . expression TK_EQ expression

    TK_LPAREN  décalage et aller à l'état 1
    TK_NEG     décalage et aller à l'état 2
    TK_BOOL    décalage et aller à l'état 3

    expression  aller à l'état 18


État 13

    2 expression: . TK_BOOL
    3           | . TK_LPAREN expression TK_RPAREN
    4           | . expression TK_OR expression
    5           | . expression TK_AND expression
    6           | . TK_NEG expression
    7           | . expression TK_XOR expression
    7           | expression TK_XOR . expression
    8           | . expression TK_IMPL expression
    9           | . expression TK_EQ expression

    TK_LPAREN  décalage et aller à l'état 1
    TK_NEG     décalage et aller à l'état 2
    TK_BOOL    décalage et aller à l'état 3

    expression  aller à l'état 19


État 14

    3 expression: TK_LPAREN expression TK_RPAREN .

    $défaut  réduction par utilisation de la règle 3 (expression)


État 15

    4 expression: expression . TK_OR expression
    5           | expression . TK_AND expression
    7           | expression . TK_XOR expression
    8           | expression . TK_IMPL expression
    8           | expression TK_IMPL expression .  [$end, TK_IMPL, TK_EQ, TK_AND, TK_OR, TK_XOR, TK_RPAREN]
    9           | expression . TK_EQ expression

    TK_XOR  décalage et aller à l'état 13

    TK_XOR    [réduction par utilisation de la règle 8 (expression)]
    $défaut  réduction par utilisation de la règle 8 (expression)

    Conflit entre la règle 8 et le jeton TK_IMPL résolu par réduction (%left TK_IMPL).
    Conflit entre la règle 8 et le jeton TK_EQ résolu par réduction (%left TK_EQ).
    Conflit entre la règle 8 et le jeton TK_AND résolu par réduction (%left TK_AND).
    Conflit entre la règle 8 et le jeton TK_OR résolu par réduction (%left TK_OR).


État 16

    4 expression: expression . TK_OR expression
    5           | expression . TK_AND expression
    7           | expression . TK_XOR expression
    8           | expression . TK_IMPL expression
    9           | expression . TK_EQ expression
    9           | expression TK_EQ expression .  [$end, TK_IMPL, TK_EQ, TK_AND, TK_OR, TK_XOR, TK_RPAREN]

    TK_XOR  décalage et aller à l'état 13

    TK_XOR    [réduction par utilisation de la règle 9 (expression)]
    $défaut  réduction par utilisation de la règle 9 (expression)

    Conflit entre la règle 9 et le jeton TK_IMPL résolu par réduction (%left TK_IMPL).
    Conflit entre la règle 9 et le jeton TK_EQ résolu par réduction (%left TK_EQ).
    Conflit entre la règle 9 et le jeton TK_AND résolu par réduction (%left TK_AND).
    Conflit entre la règle 9 et le jeton TK_OR résolu par réduction (%left TK_OR).


État 17

    4 expression: expression . TK_OR expression
    5           | expression . TK_AND expression
    5           | expression TK_AND expression .  [$end, TK_IMPL, TK_EQ, TK_AND, TK_OR, TK_XOR, TK_RPAREN]
    7           | expression . TK_XOR expression
    8           | expression . TK_IMPL expression
    9           | expression . TK_EQ expression

    TK_XOR  décalage et aller à l'état 13

    TK_XOR    [réduction par utilisation de la règle 5 (expression)]
    $défaut  réduction par utilisation de la règle 5 (expression)

    Conflit entre la règle 5 et le jeton TK_IMPL résolu par réduction (%left TK_IMPL).
    Conflit entre la règle 5 et le jeton TK_EQ résolu par réduction (%left TK_EQ).
    Conflit entre la règle 5 et le jeton TK_AND résolu par réduction (%left TK_AND).
    Conflit entre la règle 5 et le jeton TK_OR résolu par réduction (%left TK_OR).


État 18

    4 expression: expression . TK_OR expression
    4           | expression TK_OR expression .  [$end, TK_IMPL, TK_EQ, TK_AND, TK_OR, TK_XOR, TK_RPAREN]
    5           | expression . TK_AND expression
    7           | expression . TK_XOR expression
    8           | expression . TK_IMPL expression
    9           | expression . TK_EQ expression

    TK_XOR  décalage et aller à l'état 13

    TK_XOR    [réduction par utilisation de la règle 4 (expression)]
    $défaut  réduction par utilisation de la règle 4 (expression)

    Conflit entre la règle 4 et le jeton TK_IMPL résolu par réduction (%left TK_IMPL).
    Conflit entre la règle 4 et le jeton TK_EQ résolu par réduction (%left TK_EQ).
    Conflit entre la règle 4 et le jeton TK_AND résolu par réduction (%left TK_AND).
    Conflit entre la règle 4 et le jeton TK_OR résolu par réduction (%left TK_OR).


État 19

    4 expression: expression . TK_OR expression
    5           | expression . TK_AND expression
    7           | expression . TK_XOR expression
    7           | expression TK_XOR expression .  [$end, TK_IMPL, TK_EQ, TK_AND, TK_OR, TK_XOR, TK_RPAREN]
    8           | expression . TK_IMPL expression
    9           | expression . TK_EQ expression

    TK_IMPL  décalage et aller à l'état 9
    TK_EQ    décalage et aller à l'état 10
    TK_AND   décalage et aller à l'état 11
    TK_OR    décalage et aller à l'état 12
    TK_XOR   décalage et aller à l'état 13

    TK_IMPL   [réduction par utilisation de la règle 7 (expression)]
    TK_EQ     [réduction par utilisation de la règle 7 (expression)]
    TK_AND    [réduction par utilisation de la règle 7 (expression)]
    TK_OR     [réduction par utilisation de la règle 7 (expression)]
    TK_XOR    [réduction par utilisation de la règle 7 (expression)]
    $défaut  réduction par utilisation de la règle 7 (expression)
